# JRE version: Java(TM) SE Runtime Environment (18.0.1.1+2) (build 18.0.1.1+2-6)
# Java VM: Java HotSpot(TM) 64-Bit Server VM (18.0.1.1+2-6, mixed mode, sharing, tiered, compressed oops, compressed class ptrs, g1 gc, windows-amd64)
GC Precious Log:
 CardTable entry size: 512
 Card Set container configuration: InlinePtr #cards 4 size 8 Array Of Cards #cards 16 size 48 Howl #buckets 8 coarsen threshold 3686 Howl Bitmap #cards 512 size 80 coarsen threshold 460 Card regions per heap region 1 cards per card region 4096
 CPUs: 8 total, 8 available
 Memory: 16064M
 Large Page Support: Disabled
 NUMA Support: Disabled
 Compressed Oops: Enabled (Zero based)
 Heap Region Size: 2M
 Heap Min Capacity: 8M
 Heap Initial Capacity: 252M
 Heap Max Capacity: 4018M
 Pre-touch: Disabled
 Parallel Workers: 8
 Concurrent Workers: 2
 Concurrent Refinement Workers: 8
 Periodic GC: Disabled
Heap:
 garbage-first heap   total 163840K, used 71922K [0x0000000704e00000, 0x0000000800000000)
  region size 2048K, 16 young (32768K), 2 survivors (4096K)
 Metaspace       used 31112K, committed 31744K, reserved 1114112K
  class space    used 3423K, committed 3712K, reserved 1048576K
GC Heap History (16 events):
Event: 0.311 GC heap before
{Heap before GC invocations=0 (full 0):
 garbage-first heap   total 258048K, used 22528K [0x0000000704e00000, 0x0000000800000000)
  region size 2048K, 11 young (22528K), 0 survivors (0K)
 Metaspace       used 5368K, committed 5568K, reserved 1114112K
  class space    used 608K, committed 704K, reserved 1048576K
}
Event: 0.314 GC heap after
{Heap after GC invocations=1 (full 0):
 garbage-first heap   total 258048K, used 3879K [0x0000000704e00000, 0x0000000800000000)
  region size 2048K, 2 young (4096K), 2 survivors (4096K)
 Metaspace       used 5368K, committed 5568K, reserved 1114112K
  class space    used 608K, committed 704K, reserved 1048576K
}
Event: 0.587 GC heap before
{Heap before GC invocations=1 (full 0):
 garbage-first heap   total 258048K, used 32551K [0x0000000704e00000, 0x0000000800000000)
  region size 2048K, 16 young (32768K), 2 survivors (4096K)
 Metaspace       used 9661K, committed 9920K, reserved 1114112K
  class space    used 1147K, committed 1280K, reserved 1048576K
}
Event: 0.590 GC heap after
{Heap after GC invocations=2 (full 0):
 garbage-first heap   total 258048K, used 5497K [0x0000000704e00000, 0x0000000800000000)
  region size 2048K, 1 young (2048K), 1 survivors (2048K)
 Metaspace       used 9661K, committed 9920K, reserved 1114112K
  class space    used 1147K, committed 1280K, reserved 1048576K
}
Event: 1.628 GC heap before
{Heap before GC invocations=2 (full 0):
 garbage-first heap   total 258048K, used 126329K [0x0000000704e00000, 0x0000000800000000)
  region size 2048K, 62 young (126976K), 1 survivors (2048K)
 Metaspace       used 21160K, committed 21504K, reserved 1114112K
  class space    used 2357K, committed 2496K, reserved 1048576K
}
Event: 1.635 GC heap after
{Heap after GC invocations=3 (full 0):
 garbage-first heap   total 258048K, used 15509K [0x0000000704e00000, 0x0000000800000000)
  region size 2048K, 6 young (12288K), 6 survivors (12288K)
 Metaspace       used 21160K, committed 21504K, reserved 1114112K
  class space    used 2357K, committed 2496K, reserved 1048576K
}
Event: 1.954 GC heap before
{Heap before GC invocations=4 (full 0):
 garbage-first heap   total 61440K, used 52373K [0x0000000704e00000, 0x0000000800000000)
  region size 2048K, 25 young (51200K), 6 survivors (12288K)
 Metaspace       used 23686K, committed 24064K, reserved 1114112K
  class space    used 2622K, committed 2752K, reserved 1048576K
}
Event: 1.967 GC heap after
{Heap after GC invocations=5 (full 0):
 garbage-first heap   total 81920K, used 28438K [0x0000000704e00000, 0x0000000800000000)
  region size 2048K, 4 young (8192K), 4 survivors (8192K)
 Metaspace       used 23686K, committed 24064K, reserved 1114112K
  class space    used 2622K, committed 2752K, reserved 1048576K
}
Event: 1.977 GC heap before
{Heap before GC invocations=5 (full 0):
 garbage-first heap   total 81920K, used 30486K [0x0000000704e00000, 0x0000000800000000)
  region size 2048K, 5 young (10240K), 4 survivors (8192K)
 Metaspace       used 23737K, committed 24128K, reserved 1114112K
  class space    used 2628K, committed 2816K, reserved 1048576K
}
Event: 1.981 GC heap after
{Heap after GC invocations=6 (full 0):
 garbage-first heap   total 81920K, used 29946K [0x0000000704e00000, 0x0000000800000000)
  region size 2048K, 1 young (2048K), 1 survivors (2048K)
 Metaspace       used 23737K, committed 24128K, reserved 1114112K
  class space    used 2628K, committed 2816K, reserved 1048576K
}
Event: 2.211 GC heap before
{Heap before GC invocations=6 (full 0):
 garbage-first heap   total 81920K, used 54522K [0x0000000704e00000, 0x0000000800000000)
  region size 2048K, 14 young (28672K), 1 survivors (2048K)
 Metaspace       used 25206K, committed 25664K, reserved 1114112K
  class space    used 2789K, committed 3008K, reserved 1048576K
}
Event: 2.214 GC heap after
{Heap after GC invocations=7 (full 0):
 garbage-first heap   total 163840K, used 31279K [0x0000000704e00000, 0x0000000800000000)
  region size 2048K, 2 young (4096K), 2 survivors (4096K)
 Metaspace       used 25206K, committed 25664K, reserved 1114112K
  class space    used 2789K, committed 3008K, reserved 1048576K
}
Event: 2.734 GC heap before
{Heap before GC invocations=7 (full 0):
 garbage-first heap   total 163840K, used 102959K [0x0000000704e00000, 0x0000000800000000)
  region size 2048K, 38 young (77824K), 2 survivors (4096K)
 Metaspace       used 27594K, committed 28160K, reserved 1114112K
  class space    used 3082K, committed 3328K, reserved 1048576K
}
Event: 2.743 GC heap after
{Heap after GC invocations=8 (full 0):
 garbage-first heap   total 163840K, used 47459K [0x0000000704e00000, 0x0000000800000000)
  region size 2048K, 5 young (10240K), 5 survivors (10240K)
 Metaspace       used 27594K, committed 28160K, reserved 1114112K
  class space    used 3082K, committed 3328K, reserved 1048576K
}
Event: 3.198 GC heap before
{Heap before GC invocations=8 (full 0):
 garbage-first heap   total 163840K, used 108899K [0x0000000704e00000, 0x0000000800000000)
  region size 2048K, 35 young (71680K), 5 survivors (10240K)
 Metaspace       used 30015K, committed 30592K, reserved 1114112K
  class space    used 3324K, committed 3584K, reserved 1048576K
}
Event: 3.202 GC heap after
{Heap after GC invocations=9 (full 0):
 garbage-first heap   total 163840K, used 45298K [0x0000000704e00000, 0x0000000800000000)
  region size 2048K, 2 young (4096K), 2 survivors (4096K)
 Metaspace       used 30015K, committed 30592K, reserved 1114112K
  class space    used 3324K, committed 3584K, reserved 1048576K
}

